Found previous version: 1.2.0 at: wh-1.2.0/
No tarball found.
Application not running. Starting the application...
/usr/local/lib/python3.10/dist-packages/flask_sqlalchemy/__init__.py:872: FSADeprecationWarning: SQLALCHEMY_TRACK_MODIFICATIONS adds significant overhead and will be disabled by default in the future.  Set it to True or False to suppress this warning.
  warnings.warn(FSADeprecationWarning(
error: modem not enabled yet
error: modem not enabled yet
error: modem not enabled yet
error: modem not enabled yet
error: modem not enabled yet
error: modem not enabled yet
error: modem not enabled yet
error: modem not enabled yet
error: modem not enabled yet
error: modem not enabled yet
error: modem not enabled yet
error: modem not enabled yet
error: modem not enabled yet
error: modem not enabled yet
Found previous version: 1.2.0 at: wh-1.2.0/
No tarball found.
Application not running. Starting the application...
/usr/local/lib/python3.10/dist-packages/flask_sqlalchemy/__init__.py:872: FSADeprecationWarning: SQLALCHEMY_TRACK_MODIFICATIONS adds significant overhead and will be disabled by default in the future.  Set it to True or False to suppress this warning.
  warnings.warn(FSADeprecationWarning(
error: modem not enabled yet
error: modem not enabled yet
error: modem not enabled yet
error: modem not enabled yet
error: modem not enabled yet
Found previous version: 1.2.0 at: wh-1.2.0/
No tarball found.
Application not running. Starting the application...
/usr/local/lib/python3.10/dist-packages/flask_sqlalchemy/__init__.py:872: FSADeprecationWarning: SQLALCHEMY_TRACK_MODIFICATIONS adds significant overhead and will be disabled by default in the future.  Set it to True or False to suppress this warning.
  warnings.warn(FSADeprecationWarning(
Found previous version: 1.2.0 at: wh-1.2.0/
No tarball found.
Application not running. Starting the application...
/usr/local/lib/python3.10/dist-packages/flask_sqlalchemy/__init__.py:872: FSADeprecationWarning: SQLALCHEMY_TRACK_MODIFICATIONS adds significant overhead and will be disabled by default in the future.  Set it to True or False to suppress this warning.
  warnings.warn(FSADeprecationWarning(
error: modem not enabled yet
error: modem not enabled yet
error: modem not enabled yet
error: modem not enabled yet
error: modem not enabled yet
error: modem not enabled yet
error: modem not enabled yet
error: modem not enabled yet
error: modem not enabled yet
error: modem not enabled yet
error: modem not enabled yet
error: modem not enabled yet
error: modem not enabled yet
error: modem not enabled yet
error: modem not enabled yet
error: modem not enabled yet
error: modem not enabled yet
error: modem not enabled yet
error: modem not enabled yet
error: modem not enabled yet
error: modem not enabled yet
error: modem not enabled yet
error: modem not enabled yet
error: modem not enabled yet
error: modem not enabled yet
error: modem not enabled yet
error: modem not enabled yet
error: modem not enabled yet
error: modem not enabled yet
error: modem not enabled yet
error: modem not enabled yet
error: modem not enabled yet
error: modem not enabled yet
error: modem not enabled yet
error: modem not enabled yet
error: modem not enabled yet
error: modem not enabled yet
error: modem not enabled yet
error: modem not enabled yet
error: modem not enabled yet
error: modem not enabled yet
error: modem not enabled yet
error: modem not enabled yet
error: modem not enabled yet
error: modem not enabled yet
error: modem not enabled yet
error: modem not enabled yet
error: modem not enabled yet
error: modem not enabled yet
error: modem not enabled yet
error: modem not enabled yet
error: modem not enabled yet
error: modem not enabled yet
error: modem not enabled yet
error: modem not enabled yet
error: modem not enabled yet
error: modem not enabled yet
error: modem not enabled yet
error: modem not enabled yet
error: modem not enabled yet
error: modem not enabled yet
error: modem not enabled yet
error: modem not enabled yet
error: modem not enabled yet
error: modem not enabled yet
error: modem not enabled yet
error: modem not enabled yet
error: modem not enabled yet
error: modem not enabled yet
error: modem not enabled yet
error: modem not enabled yet
error: modem not enabled yet
error: modem not enabled yet
error: modem not enabled yet
error: modem not enabled yet
error: modem not enabled yet
error: modem not enabled yet
error: modem not enabled yet
error: modem not enabled yet
error: modem not enabled yet
error: modem not enabled yet
error: modem not enabled yet
error: modem not enabled yet
error: modem not enabled yet
error: modem not enabled yet
error: modem not enabled yet
error: modem not enabled yet
error: modem not enabled yet
error: modem not enabled yet
error: modem not enabled yet
error: modem not enabled yet
error: modem not enabled yet
Found previous version: 1.2.0 at: wh-1.2.0/
No tarball found.
Application not running. Starting the application...
/usr/local/lib/python3.10/dist-packages/flask_sqlalchemy/__init__.py:872: FSADeprecationWarning: SQLALCHEMY_TRACK_MODIFICATIONS adds significant overhead and will be disabled by default in the future.  Set it to True or False to suppress this warning.
  warnings.warn(FSADeprecationWarning(
error: modem not enabled yet
Found previous version: 1.2.0 at: wh-1.2.0/
No tarball found.
Application not running. Starting the application...
/usr/local/lib/python3.10/dist-packages/flask_sqlalchemy/__init__.py:872: FSADeprecationWarning: SQLALCHEMY_TRACK_MODIFICATIONS adds significant overhead and will be disabled by default in the future.  Set it to True or False to suppress this warning.
  warnings.warn(FSADeprecationWarning(
Found previous version: 1.2.0 at: wh-1.2.0/
No tarball found.
Application not running. Starting the application...
/usr/local/lib/python3.10/dist-packages/flask_sqlalchemy/__init__.py:872: FSADeprecationWarning: SQLALCHEMY_TRACK_MODIFICATIONS adds significant overhead and will be disabled by default in the future.  Set it to True or False to suppress this warning.
  warnings.warn(FSADeprecationWarning(
Found previous version: 1.2.0 at: wh-1.2.0/
No tarball found.
Application not running. Starting the application...
/usr/local/lib/python3.10/dist-packages/flask_sqlalchemy/__init__.py:872: FSADeprecationWarning: SQLALCHEMY_TRACK_MODIFICATIONS adds significant overhead and will be disabled by default in the future.  Set it to True or False to suppress this warning.
  warnings.warn(FSADeprecationWarning(
Found previous version: 1.2.0 at: wh-1.2.0/
No tarball found.
Application not running. Starting the application...
/usr/local/lib/python3.10/dist-packages/flask_sqlalchemy/__init__.py:872: FSADeprecationWarning: SQLALCHEMY_TRACK_MODIFICATIONS adds significant overhead and will be disabled by default in the future.  Set it to True or False to suppress this warning.
  warnings.warn(FSADeprecationWarning(
Found previous version: 1.2.0 at: wh-1.2.0/
No tarball found.
Application not running. Starting the application...
/usr/local/lib/python3.10/dist-packages/flask_sqlalchemy/__init__.py:872: FSADeprecationWarning: SQLALCHEMY_TRACK_MODIFICATIONS adds significant overhead and will be disabled by default in the future.  Set it to True or False to suppress this warning.
  warnings.warn(FSADeprecationWarning(
Found previous version: 1.2.0 at: wh-1.2.0/
No tarball found.
Application not running. Starting the application...
/usr/local/lib/python3.10/dist-packages/flask_sqlalchemy/__init__.py:872: FSADeprecationWarning: SQLALCHEMY_TRACK_MODIFICATIONS adds significant overhead and will be disabled by default in the future.  Set it to True or False to suppress this warning.
  warnings.warn(FSADeprecationWarning(
Found previous version: 1.2.0 at: wh-1.2.0/
No tarball found.
Application not running. Starting the application...
/usr/local/lib/python3.10/dist-packages/flask_sqlalchemy/__init__.py:872: FSADeprecationWarning: SQLALCHEMY_TRACK_MODIFICATIONS adds significant overhead and will be disabled by default in the future.  Set it to True or False to suppress this warning.
  warnings.warn(FSADeprecationWarning(
Found previous version: 1.2.0 at: wh-1.2.0/
No tarball found.
Application not running. Starting the application...
/usr/local/lib/python3.10/dist-packages/flask_sqlalchemy/__init__.py:872: FSADeprecationWarning: SQLALCHEMY_TRACK_MODIFICATIONS adds significant overhead and will be disabled by default in the future.  Set it to True or False to suppress this warning.
  warnings.warn(FSADeprecationWarning(
Found previous version: 1.2.0 at: wh-1.2.0/
No tarball found.
Application not running. Starting the application...
/usr/local/lib/python3.10/dist-packages/flask_sqlalchemy/__init__.py:872: FSADeprecationWarning: SQLALCHEMY_TRACK_MODIFICATIONS adds significant overhead and will be disabled by default in the future.  Set it to True or False to suppress this warning.
  warnings.warn(FSADeprecationWarning(
Found previous version: 1.2.0 at: wh-1.2.0/
No tarball found.
Application not running. Starting the application...
/usr/local/lib/python3.10/dist-packages/flask_sqlalchemy/__init__.py:872: FSADeprecationWarning: SQLALCHEMY_TRACK_MODIFICATIONS adds significant overhead and will be disabled by default in the future.  Set it to True or False to suppress this warning.
  warnings.warn(FSADeprecationWarning(
Found previous version: 1.2.0 at: wh-1.2.0/
No tarball found.
Application not running. Starting the application...
/usr/local/lib/python3.10/dist-packages/flask_sqlalchemy/__init__.py:872: FSADeprecationWarning: SQLALCHEMY_TRACK_MODIFICATIONS adds significant overhead and will be disabled by default in the future.  Set it to True or False to suppress this warning.
  warnings.warn(FSADeprecationWarning(
Found previous version: 1.2.0 at: wh-1.2.0/
No tarball found.
Application not running. Starting the application...
/usr/local/lib/python3.10/dist-packages/flask_sqlalchemy/__init__.py:872: FSADeprecationWarning: SQLALCHEMY_TRACK_MODIFICATIONS adds significant overhead and will be disabled by default in the future.  Set it to True or False to suppress this warning.
  warnings.warn(FSADeprecationWarning(
Found previous version: 1.2.0 at: wh-1.2.0/
No tarball found.
Application not running. Starting the application...
/usr/local/lib/python3.10/dist-packages/flask_sqlalchemy/__init__.py:872: FSADeprecationWarning: SQLALCHEMY_TRACK_MODIFICATIONS adds significant overhead and will be disabled by default in the future.  Set it to True or False to suppress this warning.
  warnings.warn(FSADeprecationWarning(
Found previous version: 1.2.0 at: wh-1.2.0/
No tarball found.
Application not running. Starting the application...
/usr/local/lib/python3.10/dist-packages/flask_sqlalchemy/__init__.py:872: FSADeprecationWarning: SQLALCHEMY_TRACK_MODIFICATIONS adds significant overhead and will be disabled by default in the future.  Set it to True or False to suppress this warning.
  warnings.warn(FSADeprecationWarning(
Error: login backoff cycle failed: rpc error: code = Unknown desc = getting device authorization flow info failed with error: context deadline exceeded
Found previous version: 1.2.0 at: wh-1.2.0/
No tarball found.
Application not running. Starting the application...
/usr/local/lib/python3.10/dist-packages/flask_sqlalchemy/__init__.py:872: FSADeprecationWarning: SQLALCHEMY_TRACK_MODIFICATIONS adds significant overhead and will be disabled by default in the future.  Set it to True or False to suppress this warning.
  warnings.warn(FSADeprecationWarning(
Found previous version: 1.2.0 at: wh-1.2.0/
No tarball found.
Application not running. Starting the application...
/usr/local/lib/python3.10/dist-packages/flask_sqlalchemy/__init__.py:872: FSADeprecationWarning: SQLALCHEMY_TRACK_MODIFICATIONS adds significant overhead and will be disabled by default in the future.  Set it to True or False to suppress this warning.
  warnings.warn(FSADeprecationWarning(
Found previous version: 1.2.0 at: wh-1.2.0/
No tarball found.
Application not running. Starting the application...
/usr/local/lib/python3.10/dist-packages/flask_sqlalchemy/__init__.py:872: FSADeprecationWarning: SQLALCHEMY_TRACK_MODIFICATIONS adds significant overhead and will be disabled by default in the future.  Set it to True or False to suppress this warning.
  warnings.warn(FSADeprecationWarning(
Found previous version: 1.2.0 at: wh-1.2.0/
No tarball found.
Application not running. Starting the application...
/usr/local/lib/python3.10/dist-packages/flask_sqlalchemy/__init__.py:872: FSADeprecationWarning: SQLALCHEMY_TRACK_MODIFICATIONS adds significant overhead and will be disabled by default in the future.  Set it to True or False to suppress this warning.
  warnings.warn(FSADeprecationWarning(
Found previous version: 1.2.0 at: wh-1.2.0/
No tarball found.
Application not running. Starting the application...
/usr/local/lib/python3.10/dist-packages/flask_sqlalchemy/__init__.py:872: FSADeprecationWarning: SQLALCHEMY_TRACK_MODIFICATIONS adds significant overhead and will be disabled by default in the future.  Set it to True or False to suppress this warning.
  warnings.warn(FSADeprecationWarning(
Found previous version: 1.2.0 at: wh-1.2.0/
No tarball found.
Application not running. Starting the application...
/usr/local/lib/python3.10/dist-packages/flask_sqlalchemy/__init__.py:872: FSADeprecationWarning: SQLALCHEMY_TRACK_MODIFICATIONS adds significant overhead and will be disabled by default in the future.  Set it to True or False to suppress this warning.
  warnings.warn(FSADeprecationWarning(
Already connected
Found previous version: 1.2.0 at: wh-1.2.0/
No tarball found.
Application not running. Starting the application...
/usr/local/lib/python3.10/dist-packages/flask_sqlalchemy/__init__.py:872: FSADeprecationWarning: SQLALCHEMY_TRACK_MODIFICATIONS adds significant overhead and will be disabled by default in the future.  Set it to True or False to suppress this warning.
  warnings.warn(FSADeprecationWarning(
Found previous version: 1.2.0 at: wh-1.2.0/
No tarball found.
Application not running. Starting the application...
/usr/local/lib/python3.10/dist-packages/flask_sqlalchemy/__init__.py:872: FSADeprecationWarning: SQLALCHEMY_TRACK_MODIFICATIONS adds significant overhead and will be disabled by default in the future.  Set it to True or False to suppress this warning.
  warnings.warn(FSADeprecationWarning(
Found previous version: 1.2.0 at: wh-1.2.0/
No tarball found.
Application not running. Starting the application...
/usr/local/lib/python3.10/dist-packages/flask_sqlalchemy/__init__.py:872: FSADeprecationWarning: SQLALCHEMY_TRACK_MODIFICATIONS adds significant overhead and will be disabled by default in the future.  Set it to True or False to suppress this warning.
  warnings.warn(FSADeprecationWarning(
Found previous version: 1.2.0 at: wh-1.2.0/
No tarball found.
Application not running. Starting the application...
/usr/local/lib/python3.10/dist-packages/flask_sqlalchemy/__init__.py:872: FSADeprecationWarning: SQLALCHEMY_TRACK_MODIFICATIONS adds significant overhead and will be disabled by default in the future.  Set it to True or False to suppress this warning.
  warnings.warn(FSADeprecationWarning(
Found previous version: 1.2.0 at: wh-1.2.0/
No tarball found.
Application not running. Starting the application...
/usr/local/lib/python3.10/dist-packages/flask_sqlalchemy/__init__.py:872: FSADeprecationWarning: SQLALCHEMY_TRACK_MODIFICATIONS adds significant overhead and will be disabled by default in the future.  Set it to True or False to suppress this warning.
  warnings.warn(FSADeprecationWarning(
Found previous version: 1.2.0 at: wh-1.2.0/
No tarball found.
Application not running. Starting the application...
/usr/local/lib/python3.10/dist-packages/flask_sqlalchemy/__init__.py:872: FSADeprecationWarning: SQLALCHEMY_TRACK_MODIFICATIONS adds significant overhead and will be disabled by default in the future.  Set it to True or False to suppress this warning.
  warnings.warn(FSADeprecationWarning(
error: couldn't find modem
error: couldn't find modem
error: couldn't find modem
error: couldn't find modem
Found previous version: 1.2.0 at: wh-1.2.0/
No tarball found.
Application not running. Starting the application...
/usr/local/lib/python3.10/dist-packages/flask_sqlalchemy/__init__.py:872: FSADeprecationWarning: SQLALCHEMY_TRACK_MODIFICATIONS adds significant overhead and will be disabled by default in the future.  Set it to True or False to suppress this warning.
  warnings.warn(FSADeprecationWarning(
Disconnected
Connected
Disconnected
Connected
Disconnected
Connected
Found previous version: 1.2.0 at: wh-1.2.0/
No tarball found.
Application not running. Starting the application...
/usr/local/lib/python3.10/dist-packages/flask_sqlalchemy/__init__.py:872: FSADeprecationWarning: SQLALCHEMY_TRACK_MODIFICATIONS adds significant overhead and will be disabled by default in the future.  Set it to True or False to suppress this warning.
  warnings.warn(FSADeprecationWarning(
Found previous version: 1.2.0 at: wh-1.2.0/
No tarball found.
Application not running. Starting the application...
/usr/local/lib/python3.10/dist-packages/flask_sqlalchemy/__init__.py:872: FSADeprecationWarning: SQLALCHEMY_TRACK_MODIFICATIONS adds significant overhead and will be disabled by default in the future.  Set it to True or False to suppress this warning.
  warnings.warn(FSADeprecationWarning(
Found previous version: 1.2.0 at: wh-1.2.0/
No tarball found.
Application not running. Starting the application...
/usr/local/lib/python3.10/dist-packages/flask_sqlalchemy/__init__.py:872: FSADeprecationWarning: SQLALCHEMY_TRACK_MODIFICATIONS adds significant overhead and will be disabled by default in the future.  Set it to True or False to suppress this warning.
  warnings.warn(FSADeprecationWarning(
Found previous version: 1.2.0 at: wh-1.2.0/
No tarball found.
Application not running. Starting the application...
/usr/local/lib/python3.10/dist-packages/flask_sqlalchemy/__init__.py:872: FSADeprecationWarning: SQLALCHEMY_TRACK_MODIFICATIONS adds significant overhead and will be disabled by default in the future.  Set it to True or False to suppress this warning.
  warnings.warn(FSADeprecationWarning(
Found previous version: 1.2.0 at: wh-1.2.0/
No tarball found.
Application not running. Starting the application...
/usr/local/lib/python3.10/dist-packages/flask_sqlalchemy/__init__.py:872: FSADeprecationWarning: SQLALCHEMY_TRACK_MODIFICATIONS adds significant overhead and will be disabled by default in the future.  Set it to True or False to suppress this warning.
  warnings.warn(FSADeprecationWarning(
error: modem not enabled yet
error: modem not enabled yet
Found previous version: 1.2.0 at: wh-1.2.0/
No tarball found.
Application not running. Starting the application...
/usr/local/lib/python3.10/dist-packages/flask_sqlalchemy/__init__.py:872: FSADeprecationWarning: SQLALCHEMY_TRACK_MODIFICATIONS adds significant overhead and will be disabled by default in the future.  Set it to True or False to suppress this warning.
  warnings.warn(FSADeprecationWarning(
error: modem not enabled yet
error: modem not enabled yet
error: modem not enabled yet
error: modem not enabled yet
error: couldn't find modem
Found previous version: 1.2.0 at: wh-1.2.0/
No tarball found.
Application not running. Starting the application...
/usr/local/lib/python3.10/dist-packages/flask_sqlalchemy/__init__.py:872: FSADeprecationWarning: SQLALCHEMY_TRACK_MODIFICATIONS adds significant overhead and will be disabled by default in the future.  Set it to True or False to suppress this warning.
  warnings.warn(FSADeprecationWarning(
Found previous version: 1.2.0 at: wh-1.2.0/
No tarball found.
Application not running. Starting the application...
/usr/local/lib/python3.10/dist-packages/flask_sqlalchemy/__init__.py:872: FSADeprecationWarning: SQLALCHEMY_TRACK_MODIFICATIONS adds significant overhead and will be disabled by default in the future.  Set it to True or False to suppress this warning.
  warnings.warn(FSADeprecationWarning(
Found previous version: 1.2.0 at: wh-1.2.0/
No tarball found.
Application not running. Starting the application...
/usr/local/lib/python3.10/dist-packages/flask_sqlalchemy/__init__.py:872: FSADeprecationWarning: SQLALCHEMY_TRACK_MODIFICATIONS adds significant overhead and will be disabled by default in the future.  Set it to True or False to suppress this warning.
  warnings.warn(FSADeprecationWarning(
Found previous version: 1.2.0 at: wh-1.2.0/
No tarball found.
Application not running. Starting the application...
/usr/local/lib/python3.10/dist-packages/flask_sqlalchemy/__init__.py:872: FSADeprecationWarning: SQLALCHEMY_TRACK_MODIFICATIONS adds significant overhead and will be disabled by default in the future.  Set it to True or False to suppress this warning.
  warnings.warn(FSADeprecationWarning(
Found previous version: 1.2.0 at: wh-1.2.0/
No tarball found.
Application not running. Starting the application...
/usr/local/lib/python3.10/dist-packages/flask_sqlalchemy/__init__.py:872: FSADeprecationWarning: SQLALCHEMY_TRACK_MODIFICATIONS adds significant overhead and will be disabled by default in the future.  Set it to True or False to suppress this warning.
  warnings.warn(FSADeprecationWarning(
Found previous version: 1.2.0 at: wh-1.2.0/
No tarball found.
Application not running. Starting the application...
/usr/local/lib/python3.10/dist-packages/flask_sqlalchemy/__init__.py:872: FSADeprecationWarning: SQLALCHEMY_TRACK_MODIFICATIONS adds significant overhead and will be disabled by default in the future.  Set it to True or False to suppress this warning.
  warnings.warn(FSADeprecationWarning(
Found previous version: 1.2.0 at: wh-1.2.0/
No tarball found.
Application not running. Starting the application...
/usr/local/lib/python3.10/dist-packages/flask_sqlalchemy/__init__.py:872: FSADeprecationWarning: SQLALCHEMY_TRACK_MODIFICATIONS adds significant overhead and will be disabled by default in the future.  Set it to True or False to suppress this warning.
  warnings.warn(FSADeprecationWarning(
error: modem not enabled yet
error: modem not enabled yet
Found previous version: 1.2.0 at: wh-1.2.0/
No tarball found.
Application not running. Starting the application...
/usr/local/lib/python3.10/dist-packages/flask_sqlalchemy/__init__.py:872: FSADeprecationWarning: SQLALCHEMY_TRACK_MODIFICATIONS adds significant overhead and will be disabled by default in the future.  Set it to True or False to suppress this warning.
  warnings.warn(FSADeprecationWarning(
error: modem not enabled yet
error: modem not enabled yet
error: modem not enabled yet
Found previous version: 1.2.0 at: wh-1.2.0/
No tarball found.
Application not running. Starting the application...
/usr/local/lib/python3.10/dist-packages/flask_sqlalchemy/__init__.py:872: FSADeprecationWarning: SQLALCHEMY_TRACK_MODIFICATIONS adds significant overhead and will be disabled by default in the future.  Set it to True or False to suppress this warning.
  warnings.warn(FSADeprecationWarning(
Found previous version: 1.2.0 at: wh-1.2.0/
No tarball found.
Application not running. Starting the application...
/usr/local/lib/python3.10/dist-packages/flask_sqlalchemy/__init__.py:872: FSADeprecationWarning: SQLALCHEMY_TRACK_MODIFICATIONS adds significant overhead and will be disabled by default in the future.  Set it to True or False to suppress this warning.
  warnings.warn(FSADeprecationWarning(
Found previous version: 1.2.0 at: wh-1.2.0/
No tarball found.
Application not running. Starting the application...
/usr/local/lib/python3.10/dist-packages/flask_sqlalchemy/__init__.py:872: FSADeprecationWarning: SQLALCHEMY_TRACK_MODIFICATIONS adds significant overhead and will be disabled by default in the future.  Set it to True or False to suppress this warning.
  warnings.warn(FSADeprecationWarning(
Found previous version: 1.2.0 at: wh-1.2.0/
No tarball found.
Application not running. Starting the application...
/usr/local/lib/python3.10/dist-packages/flask_sqlalchemy/__init__.py:872: FSADeprecationWarning: SQLALCHEMY_TRACK_MODIFICATIONS adds significant overhead and will be disabled by default in the future.  Set it to True or False to suppress this warning.
  warnings.warn(FSADeprecationWarning(
Found previous version: 1.2.0 at: wh-1.2.0/
No tarball found.
Application not running. Starting the application...
/usr/local/lib/python3.10/dist-packages/flask_sqlalchemy/__init__.py:872: FSADeprecationWarning: SQLALCHEMY_TRACK_MODIFICATIONS adds significant overhead and will be disabled by default in the future.  Set it to True or False to suppress this warning.
  warnings.warn(FSADeprecationWarning(
Found previous version: 1.2.0 at: wh-1.2.0/
No tarball found.
Application not running. Starting the application...
/usr/local/lib/python3.10/dist-packages/flask_sqlalchemy/__init__.py:872: FSADeprecationWarning: SQLALCHEMY_TRACK_MODIFICATIONS adds significant overhead and will be disabled by default in the future.  Set it to True or False to suppress this warning.
  warnings.warn(FSADeprecationWarning(
Found previous version: 1.2.0 at: wh-1.2.0/
No tarball found.
Application not running. Starting the application...
/usr/local/lib/python3.10/dist-packages/flask_sqlalchemy/__init__.py:872: FSADeprecationWarning: SQLALCHEMY_TRACK_MODIFICATIONS adds significant overhead and will be disabled by default in the future.  Set it to True or False to suppress this warning.
  warnings.warn(FSADeprecationWarning(
Found previous version: 1.2.0 at: wh-1.2.0/
No tarball found.
Application not running. Starting the application...
/usr/local/lib/python3.10/dist-packages/flask_sqlalchemy/__init__.py:872: FSADeprecationWarning: SQLALCHEMY_TRACK_MODIFICATIONS adds significant overhead and will be disabled by default in the future.  Set it to True or False to suppress this warning.
  warnings.warn(FSADeprecationWarning(
error: couldn't find modem
error: couldn't find modem
error: couldn't find modem
error: couldn't find modem
error: couldn't find modem
error: couldn't find modem
error: couldn't find modem
error: couldn't find modem
error: couldn't find modem
Found previous version: 1.2.0 at: wh-1.2.0/
No tarball found.
Application not running. Starting the application...
/usr/local/lib/python3.10/dist-packages/flask_sqlalchemy/__init__.py:872: FSADeprecationWarning: SQLALCHEMY_TRACK_MODIFICATIONS adds significant overhead and will be disabled by default in the future.  Set it to True or False to suppress this warning.
  warnings.warn(FSADeprecationWarning(
Found previous version: 1.2.0 at: wh-1.2.0/
No tarball found.
Application not running. Starting the application...
/usr/local/lib/python3.10/dist-packages/flask_sqlalchemy/__init__.py:872: FSADeprecationWarning: SQLALCHEMY_TRACK_MODIFICATIONS adds significant overhead and will be disabled by default in the future.  Set it to True or False to suppress this warning.
  warnings.warn(FSADeprecationWarning(
Found previous version: 1.2.0 at: wh-1.2.0/
No tarball found.
Application not running. Starting the application...
/usr/local/lib/python3.10/dist-packages/flask_sqlalchemy/__init__.py:872: FSADeprecationWarning: SQLALCHEMY_TRACK_MODIFICATIONS adds significant overhead and will be disabled by default in the future.  Set it to True or False to suppress this warning.
  warnings.warn(FSADeprecationWarning(
Found previous version: 1.2.0 at: wh-1.2.0/
No tarball found.
Application not running. Starting the application...
/usr/local/lib/python3.10/dist-packages/flask_sqlalchemy/__init__.py:872: FSADeprecationWarning: SQLALCHEMY_TRACK_MODIFICATIONS adds significant overhead and will be disabled by default in the future.  Set it to True or False to suppress this warning.
  warnings.warn(FSADeprecationWarning(
Found previous version: 1.2.0 at: wh-1.2.0/
No tarball found.
Application not running. Starting the application...
/usr/local/lib/python3.10/dist-packages/flask_sqlalchemy/__init__.py:872: FSADeprecationWarning: SQLALCHEMY_TRACK_MODIFICATIONS adds significant overhead and will be disabled by default in the future.  Set it to True or False to suppress this warning.
  warnings.warn(FSADeprecationWarning(
Found previous version: 1.2.0 at: wh-1.2.0/
No tarball found.
Application not running. Starting the application...
/usr/local/lib/python3.10/dist-packages/flask_sqlalchemy/__init__.py:872: FSADeprecationWarning: SQLALCHEMY_TRACK_MODIFICATIONS adds significant overhead and will be disabled by default in the future.  Set it to True or False to suppress this warning.
  warnings.warn(FSADeprecationWarning(
Found previous version: 1.2.0 at: wh-1.2.0/
No tarball found.
Application not running. Starting the application...
/usr/local/lib/python3.10/dist-packages/flask_sqlalchemy/__init__.py:872: FSADeprecationWarning: SQLALCHEMY_TRACK_MODIFICATIONS adds significant overhead and will be disabled by default in the future.  Set it to True or False to suppress this warning.
  warnings.warn(FSADeprecationWarning(
Found previous version: 1.2.0 at: wh-1.2.0/
No tarball found.
Application not running. Starting the application...
/usr/local/lib/python3.10/dist-packages/flask_sqlalchemy/__init__.py:872: FSADeprecationWarning: SQLALCHEMY_TRACK_MODIFICATIONS adds significant overhead and will be disabled by default in the future.  Set it to True or False to suppress this warning.
  warnings.warn(FSADeprecationWarning(
Found previous version: 1.2.0 at: wh-1.2.0/
No tarball found.
Application not running. Starting the application...
/usr/local/lib/python3.10/dist-packages/flask_sqlalchemy/__init__.py:872: FSADeprecationWarning: SQLALCHEMY_TRACK_MODIFICATIONS adds significant overhead and will be disabled by default in the future.  Set it to True or False to suppress this warning.
  warnings.warn(FSADeprecationWarning(
Found previous version: 1.2.0 at: wh-1.2.0/
No tarball found.
Application not running. Starting the application...
/usr/local/lib/python3.10/dist-packages/flask_sqlalchemy/__init__.py:872: FSADeprecationWarning: SQLALCHEMY_TRACK_MODIFICATIONS adds significant overhead and will be disabled by default in the future.  Set it to True or False to suppress this warning.
  warnings.warn(FSADeprecationWarning(
Found previous version: 1.2.0 at: wh-1.2.0/
No tarball found.
Application not running. Starting the application...
/usr/local/lib/python3.10/dist-packages/flask_sqlalchemy/__init__.py:872: FSADeprecationWarning: SQLALCHEMY_TRACK_MODIFICATIONS adds significant overhead and will be disabled by default in the future.  Set it to True or False to suppress this warning.
  warnings.warn(FSADeprecationWarning(
Found previous version: 1.2.0 at: wh-1.2.0/
No tarball found.
Application not running. Starting the application...
/usr/local/lib/python3.10/dist-packages/flask_sqlalchemy/__init__.py:872: FSADeprecationWarning: SQLALCHEMY_TRACK_MODIFICATIONS adds significant overhead and will be disabled by default in the future.  Set it to True or False to suppress this warning.
  warnings.warn(FSADeprecationWarning(
error: modem not enabled yet
error: modem not enabled yet
error: modem not enabled yet
error: modem not enabled yet
error: modem not enabled yet
error: modem not enabled yet
error: modem not enabled yet
error: modem not enabled yet
error: modem not enabled yet
error: modem not enabled yet
error: modem not enabled yet
error: modem not enabled yet
error: modem not enabled yet
error: modem not enabled yet
error: modem not enabled yet
error: modem not enabled yet
error: modem not enabled yet
error: modem not enabled yet
error: modem not enabled yet
error: modem not enabled yet
error: modem not enabled yet
Found previous version: 1.2.0 at: wh-1.2.0/
No tarball found.
Application not running. Starting the application...
/usr/local/lib/python3.10/dist-packages/flask_sqlalchemy/__init__.py:872: FSADeprecationWarning: SQLALCHEMY_TRACK_MODIFICATIONS adds significant overhead and will be disabled by default in the future.  Set it to True or False to suppress this warning.
  warnings.warn(FSADeprecationWarning(
Found previous version: 1.2.0 at: wh-1.2.0/
No tarball found.
Application not running. Starting the application...
/usr/local/lib/python3.10/dist-packages/flask_sqlalchemy/__init__.py:872: FSADeprecationWarning: SQLALCHEMY_TRACK_MODIFICATIONS adds significant overhead and will be disabled by default in the future.  Set it to True or False to suppress this warning.
  warnings.warn(FSADeprecationWarning(
Found previous version: 1.2.0 at: wh-1.2.0/
No tarball found.
Application not running. Starting the application...
/usr/local/lib/python3.10/dist-packages/flask_sqlalchemy/__init__.py:872: FSADeprecationWarning: SQLALCHEMY_TRACK_MODIFICATIONS adds significant overhead and will be disabled by default in the future.  Set it to True or False to suppress this warning.
  warnings.warn(FSADeprecationWarning(
Found previous version: 1.2.0 at: wh-1.2.0/
No tarball found.
Application not running. Starting the application...
/usr/local/lib/python3.10/dist-packages/flask_sqlalchemy/__init__.py:872: FSADeprecationWarning: SQLALCHEMY_TRACK_MODIFICATIONS adds significant overhead and will be disabled by default in the future.  Set it to True or False to suppress this warning.
  warnings.warn(FSADeprecationWarning(
